<?xml version="1.0" encoding="UTF-8"?>
<testng-results ignored="0" total="1" passed="1" failed="0" skipped="0">
  <reporter-output>
    <line>
      <![CDATA[The Home Page loaded- Testautomation practice page]]>
    </line>
  </reporter-output>
  <suite started-at="2021-12-02T05:09:50Z" name="Default suite" finished-at="2021-12-02T05:10:14Z" duration-ms="24125">
    <groups>
    </groups>
    <test started-at="2021-12-02T05:09:50Z" name="Default test" finished-at="2021-12-02T05:10:14Z" duration-ms="24125">
      <class name="TestNGDemo.RadioButtonCheckBox2">
        <test-method is-config="true" signature="beforeTest()[pri:0, instance:TestNGDemo.RadioButtonCheckBox2@2d901eb0]" started-at="2021-12-02T05:09:50Z" name="beforeTest" finished-at="2021-12-02T05:10:06Z" duration-ms="16002" status="PASS">
          <reporter-output>
            <line>
              <![CDATA[The Home Page loaded- Testautomation practice page]]>
            </line>
          </reporter-output>
        </test-method> <!-- beforeTest -->
        <test-method signature="SelectRadioButtonandCheckBox()[pri:0, instance:TestNGDemo.RadioButtonCheckBox2@2d901eb0]" started-at="2021-12-02T05:10:06Z" name="SelectRadioButtonandCheckBox" finished-at="2021-12-02T05:10:12Z" duration-ms="6860" status="PASS">
          <reporter-output>
          </reporter-output>
        </test-method> <!-- SelectRadioButtonandCheckBox -->
        <test-method is-config="true" signature="afterTest()[pri:0, instance:TestNGDemo.RadioButtonCheckBox2@2d901eb0]" started-at="2021-12-02T05:10:12Z" name="afterTest" finished-at="2021-12-02T05:10:14Z" duration-ms="1218" status="PASS">
          <reporter-output>
          </reporter-output>
        </test-method> <!-- afterTest -->
      </class> <!-- TestNGDemo.RadioButtonCheckBox2 -->
    </test> <!-- Default test -->
  </suite> <!-- Default suite -->
</testng-results>
